app/build/intermediates/manifest_merge_blame_file/debug/manifest-merger-blame-debug-report.txt
1<?xml version="1.0" encoding="utf-8"?>
2<manifest xmlns:android="http://schemas.android.com/apk/res/android"
3    package="com.jobando.jobandotrucking"
4    android:versionCode="1"
5    android:versionName="1.0" >
6
7    <uses-sdk
8        android:minSdkVersion="24"
8-->src\main\AndroidManifest.xml
9        android:targetSdkVersion="32" />
9-->src\main\AndroidManifest.xml
10
11    <!-- Although the *SdkVersion is captured in gradle build files, this is required for non gradle builds -->
12    <!-- <uses-sdk android:minSdkVersion="14" /> -->
13    <uses-permission android:name="android.permission.ACCESS_NETWORK_STATE" />
13-->[com.google.firebase:firebase-firestore:24.1.2] AndroidManifest.xml:13:5-79
13-->[com.google.firebase:firebase-firestore:24.1.2] AndroidManifest.xml:13:22-76
14    <uses-permission android:name="android.permission.INTERNET" />
14-->[com.google.firebase:firebase-firestore:24.1.2] AndroidManifest.xml:14:5-67
14-->[com.google.firebase:firebase-firestore:24.1.2] AndroidManifest.xml:14:22-64
15
16    <application
16-->src\main\AndroidManifest.xml:5:5-61:19
17        android:allowBackup="true"
17-->src\main\AndroidManifest.xml:6:9-35
18        android:appComponentFactory="androidx.core.app.CoreComponentFactory"
18-->[androidx.core:core:1.7.0] AndroidManifest.xml:24:18-86
19        android:debuggable="true"
20        android:extractNativeLibs="false"
21        android:icon="@drawable/logo"
21-->src\main\AndroidManifest.xml:7:9-38
22        android:label="@string/app_name"
22-->src\main\AndroidManifest.xml:8:9-41
23        android:roundIcon="@mipmap/ic_launcher_round"
23-->src\main\AndroidManifest.xml:9:9-54
24        android:supportsRtl="true"
24-->src\main\AndroidManifest.xml:10:9-35
25        android:testOnly="true"
26        android:theme="@style/Theme.JObandoTrucking" >
26-->src\main\AndroidManifest.xml:11:9-53
27        <activity
27-->src\main\AndroidManifest.xml:12:9-14:40
28            android:name="com.jobando.jobandotrucking.Employee_Past_Records"
28-->src\main\AndroidManifest.xml:13:13-50
29            android:exported="false" />
29-->src\main\AndroidManifest.xml:14:13-37
30        <activity
30-->src\main\AndroidManifest.xml:15:9-17:40
31            android:name="com.jobando.jobandotrucking.Employee_Delivery_Info"
31-->src\main\AndroidManifest.xml:16:13-51
32            android:exported="false" />
32-->src\main\AndroidManifest.xml:17:13-37
33        <activity
33-->src\main\AndroidManifest.xml:18:9-20:40
34            android:name="com.jobando.jobandotrucking.Employee_Working_Hours"
34-->src\main\AndroidManifest.xml:19:13-51
35            android:exported="false" />
35-->src\main\AndroidManifest.xml:20:13-37
36        <activity
36-->src\main\AndroidManifest.xml:21:9-23:40
37            android:name="com.jobando.jobandotrucking.Employee_Maps_Directions"
37-->src\main\AndroidManifest.xml:22:13-53
38            android:exported="false" />
38-->src\main\AndroidManifest.xml:23:13-37
39        <activity
39-->src\main\AndroidManifest.xml:24:9-26:40
40            android:name="com.jobando.jobandotrucking.Employee_Navigation_Drawer_Base"
40-->src\main\AndroidManifest.xml:25:13-60
41            android:exported="false" />
41-->src\main\AndroidManifest.xml:26:13-37
42        <activity
42-->src\main\AndroidManifest.xml:27:9-35:20
43            android:name="com.jobando.jobandotrucking.MainActivity"
43-->src\main\AndroidManifest.xml:28:13-41
44            android:exported="true" >
44-->src\main\AndroidManifest.xml:29:13-36
45            <intent-filter>
45-->src\main\AndroidManifest.xml:30:13-34:29
46                <action android:name="android.intent.action.MAIN" />
46-->src\main\AndroidManifest.xml:31:17-69
46-->src\main\AndroidManifest.xml:31:25-66
47
48                <category android:name="android.intent.category.LAUNCHER" />
48-->src\main\AndroidManifest.xml:33:17-77
48-->src\main\AndroidManifest.xml:33:27-74
49            </intent-filter>
50        </activity>
51        <activity
51-->src\main\AndroidManifest.xml:36:9-38:40
52            android:name="com.jobando.jobandotrucking.Admin_View_Jobs"
52-->src\main\AndroidManifest.xml:37:13-44
53            android:exported="false" />
53-->src\main\AndroidManifest.xml:38:13-37
54        <activity
54-->src\main\AndroidManifest.xml:39:9-41:40
55            android:name="com.jobando.jobandotrucking.Admin_View_Drivers"
55-->src\main\AndroidManifest.xml:40:13-47
56            android:exported="false" />
56-->src\main\AndroidManifest.xml:41:13-37
57        <activity
57-->src\main\AndroidManifest.xml:42:9-44:40
58            android:name="com.jobando.jobandotrucking.Admin_Assign_Job"
58-->src\main\AndroidManifest.xml:43:13-45
59            android:exported="false" />
59-->src\main\AndroidManifest.xml:44:13-37
60        <activity
60-->src\main\AndroidManifest.xml:45:9-47:40
61            android:name="com.jobando.jobandotrucking.Admin_Driver_Registration"
61-->src\main\AndroidManifest.xml:46:13-54
62            android:exported="false" />
62-->src\main\AndroidManifest.xml:47:13-37
63        <activity
63-->src\main\AndroidManifest.xml:48:9-50:40
64            android:name="com.jobando.jobandotrucking.Admin_Navigation_Drawer_Base"
64-->src\main\AndroidManifest.xml:49:13-57
65            android:exported="false" />
65-->src\main\AndroidManifest.xml:50:13-37
66        <activity
66-->src\main\AndroidManifest.xml:51:9-53:40
67            android:name="com.jobando.jobandotrucking.Admin_Dashboard"
67-->src\main\AndroidManifest.xml:52:13-44
68            android:exported="false" />
68-->src\main\AndroidManifest.xml:53:13-37
69        <activity
69-->src\main\AndroidManifest.xml:54:9-56:40
70            android:name="com.jobando.jobandotrucking.Employee_Dashboard"
70-->src\main\AndroidManifest.xml:55:13-47
71            android:exported="false" />
71-->src\main\AndroidManifest.xml:56:13-37
72
73        <meta-data
73-->src\main\AndroidManifest.xml:58:9-60:57
74            android:name="preloaded_fonts"
74-->src\main\AndroidManifest.xml:59:13-43
75            android:resource="@array/preloaded_fonts" />
75-->src\main\AndroidManifest.xml:60:13-54
76
77        <service
77-->[com.google.firebase:firebase-firestore:24.1.2] AndroidManifest.xml:17:9-23:19
78            android:name="com.google.firebase.components.ComponentDiscoveryService"
78-->[com.google.firebase:firebase-firestore:24.1.2] AndroidManifest.xml:18:13-84
79            android:directBootAware="true"
79-->[com.google.firebase:firebase-common:20.1.1] AndroidManifest.xml:35:13-43
80            android:exported="false" >
80-->[com.google.firebase:firebase-firestore:24.1.2] AndroidManifest.xml:19:13-37
81            <meta-data
81-->[com.google.firebase:firebase-firestore:24.1.2] AndroidManifest.xml:20:13-22:85
82                android:name="com.google.firebase.components:com.google.firebase.firestore.FirestoreRegistrar"
82-->[com.google.firebase:firebase-firestore:24.1.2] AndroidManifest.xml:21:17-111
83                android:value="com.google.firebase.components.ComponentRegistrar" />
83-->[com.google.firebase:firebase-firestore:24.1.2] AndroidManifest.xml:22:17-82
84            <meta-data
84-->[com.google.firebase:firebase-database:20.0.5] AndroidManifest.xml:32:13-34:85
85                android:name="com.google.firebase.components:com.google.firebase.database.DatabaseRegistrar"
85-->[com.google.firebase:firebase-database:20.0.5] AndroidManifest.xml:33:17-109
86                android:value="com.google.firebase.components.ComponentRegistrar" />
86-->[com.google.firebase:firebase-database:20.0.5] AndroidManifest.xml:34:17-82
87        </service>
88
89        <activity
89-->[com.google.android.gms:play-services-base:18.0.1] AndroidManifest.xml:20:9-22:45
90            android:name="com.google.android.gms.common.api.GoogleApiActivity"
90-->[com.google.android.gms:play-services-base:18.0.1] AndroidManifest.xml:20:19-85
91            android:exported="false"
91-->[com.google.android.gms:play-services-base:18.0.1] AndroidManifest.xml:22:19-43
92            android:theme="@android:style/Theme.Translucent.NoTitleBar" />
92-->[com.google.android.gms:play-services-base:18.0.1] AndroidManifest.xml:21:19-78
93
94        <provider
94-->[com.google.firebase:firebase-common:20.1.1] AndroidManifest.xml:26:9-31:39
95            android:name="com.google.firebase.provider.FirebaseInitProvider"
95-->[com.google.firebase:firebase-common:20.1.1] AndroidManifest.xml:27:13-77
96            android:authorities="com.jobando.jobandotrucking.firebaseinitprovider"
96-->[com.google.firebase:firebase-common:20.1.1] AndroidManifest.xml:28:13-72
97            android:directBootAware="true"
97-->[com.google.firebase:firebase-common:20.1.1] AndroidManifest.xml:29:13-43
98            android:exported="false"
98-->[com.google.firebase:firebase-common:20.1.1] AndroidManifest.xml:30:13-37
99            android:initOrder="100" />
99-->[com.google.firebase:firebase-common:20.1.1] AndroidManifest.xml:31:13-36
100
101        <meta-data
101-->[com.google.android.gms:play-services-basement:18.0.0] AndroidManifest.xml:21:9-23:69
102            android:name="com.google.android.gms.version"
102-->[com.google.android.gms:play-services-basement:18.0.0] AndroidManifest.xml:22:13-58
103            android:value="@integer/google_play_services_version" />
103-->[com.google.android.gms:play-services-basement:18.0.0] AndroidManifest.xml:23:13-66
104
105        <provider
105-->[androidx.emoji2:emoji2:1.0.0] AndroidManifest.xml:26:9-34:20
106            android:name="androidx.startup.InitializationProvider"
106-->[androidx.emoji2:emoji2:1.0.0] AndroidManifest.xml:27:13-67
107            android:authorities="com.jobando.jobandotrucking.androidx-startup"
107-->[androidx.emoji2:emoji2:1.0.0] AndroidManifest.xml:28:13-68
108            android:exported="false" >
108-->[androidx.emoji2:emoji2:1.0.0] AndroidManifest.xml:29:13-37
109            <meta-data
109-->[androidx.emoji2:emoji2:1.0.0] AndroidManifest.xml:31:13-33:52
110                android:name="androidx.emoji2.text.EmojiCompatInitializer"
110-->[androidx.emoji2:emoji2:1.0.0] AndroidManifest.xml:32:17-75
111                android:value="androidx.startup" />
111-->[androidx.emoji2:emoji2:1.0.0] AndroidManifest.xml:33:17-49
112            <meta-data
112-->[androidx.lifecycle:lifecycle-process:2.4.0] AndroidManifest.xml:31:13-33:52
113                android:name="androidx.lifecycle.ProcessLifecycleInitializer"
113-->[androidx.lifecycle:lifecycle-process:2.4.0] AndroidManifest.xml:32:17-78
114                android:value="androidx.startup" />
114-->[androidx.lifecycle:lifecycle-process:2.4.0] AndroidManifest.xml:33:17-49
115        </provider>
116
117        <uses-library
117-->[androidx.window:window:1.0.0] AndroidManifest.xml:25:9-27:40
118            android:name="androidx.window.extensions"
118-->[androidx.window:window:1.0.0] AndroidManifest.xml:26:13-54
119            android:required="false" />
119-->[androidx.window:window:1.0.0] AndroidManifest.xml:27:13-37
120        <uses-library
120-->[androidx.window:window:1.0.0] AndroidManifest.xml:28:9-30:40
121            android:name="androidx.window.sidecar"
121-->[androidx.window:window:1.0.0] AndroidManifest.xml:29:13-51
122            android:required="false" />
122-->[androidx.window:window:1.0.0] AndroidManifest.xml:30:13-37
123    </application>
124
125</manifest>